<?xml version="1.0" encoding="UTF-8"?>
<testsuite xmlns:xsi="http://www.w3.org/2001/XMLSchema-instance" xsi:noNamespaceSchemaLocation="https://maven.apache.org/surefire/maven-surefire-plugin/xsd/surefire-test-report.xsd" name="com.datastax.pulsar.AppTest" time="0.018" tests="1" errors="0" skipped="0" failures="0">
  <properties>
    <property name="gopherProxySet" value="false"/>
    <property name="awt.toolkit" value="sun.lwawt.macosx.LWCToolkit"/>
    <property name="file.encoding.pkg" value="sun.io"/>
    <property name="java.specification.version" value="1.8"/>
    <property name="sun.cpu.isalist" value=""/>
    <property name="sun.jnu.encoding" value="UTF-8"/>
    <property name="java.class.path" value="/Users/jeffdavies/GitHub/airport-demo/pulsar/skyview/target/test-classes:/Users/jeffdavies/GitHub/airport-demo/pulsar/skyview/target/classes:/Users/jeffdavies/.m2/repository/junit/junit/4.11/junit-4.11.jar:/Users/jeffdavies/.m2/repository/org/hamcrest/hamcrest-core/1.3/hamcrest-core-1.3.jar:/Users/jeffdavies/.m2/repository/org/apache/pulsar/pulsar-client/2.8.0/pulsar-client-2.8.0.jar:/Users/jeffdavies/.m2/repository/org/apache/pulsar/pulsar-client-api/2.8.0/pulsar-client-api-2.8.0.jar:/Users/jeffdavies/.m2/repository/org/apache/pulsar/pulsar-client-admin-api/2.8.0/pulsar-client-admin-api-2.8.0.jar:/Users/jeffdavies/.m2/repository/javax/ws/rs/javax.ws.rs-api/2.1/javax.ws.rs-api-2.1.jar:/Users/jeffdavies/.m2/repository/org/apache/pulsar/bouncy-castle-bc/2.8.0/bouncy-castle-bc-2.8.0-pkg.jar:/Users/jeffdavies/.m2/repository/org/bouncycastle/bcpkix-jdk15on/1.68/bcpkix-jdk15on-1.68.jar:/Users/jeffdavies/.m2/repository/org/bouncycastle/bcprov-jdk15on/1.68/bcprov-jdk15on-1.68.jar:/Users/jeffdavies/.m2/repository/org/bouncycastle/bcprov-ext-jdk15on/1.68/bcprov-ext-jdk15on-1.68.jar:/Users/jeffdavies/.m2/repository/com/sun/activation/javax.activation/1.2.0/javax.activation-1.2.0.jar:/Users/jeffdavies/.m2/repository/org/slf4j/slf4j-api/1.7.25/slf4j-api-1.7.25.jar:/Users/jeffdavies/.m2/repository/javax/validation/validation-api/1.1.0.Final/validation-api-1.1.0.Final.jar:/Users/jeffdavies/.m2/repository/net/jcip/jcip-annotations/1.0/jcip-annotations-1.0.jar:/Users/jeffdavies/.m2/repository/org/apache/pulsar/pulsar-common/2.8.0/pulsar-common-2.8.0.jar:/Users/jeffdavies/.m2/repository/io/swagger/swagger-annotations/1.6.2/swagger-annotations-1.6.2.jar:/Users/jeffdavies/.m2/repository/com/fasterxml/jackson/core/jackson-databind/2.12.3/jackson-databind-2.12.3.jar:/Users/jeffdavies/.m2/repository/com/fasterxml/jackson/core/jackson-annotations/2.12.3/jackson-annotations-2.12.3.jar:/Users/jeffdavies/.m2/repository/com/fasterxml/jackson/core/jackson-core/2.12.3/jackson-core-2.12.3.jar:/Users/jeffdavies/.m2/repository/com/google/guava/guava/30.1-jre/guava-30.1-jre.jar:/Users/jeffdavies/.m2/repository/com/google/guava/failureaccess/1.0.1/failureaccess-1.0.1.jar:/Users/jeffdavies/.m2/repository/com/google/guava/listenablefuture/9999.0-empty-to-avoid-conflict-with-guava/listenablefuture-9999.0-empty-to-avoid-conflict-with-guava.jar:/Users/jeffdavies/.m2/repository/com/google/code/findbugs/jsr305/3.0.2/jsr305-3.0.2.jar:/Users/jeffdavies/.m2/repository/org/checkerframework/checker-qual/3.5.0/checker-qual-3.5.0.jar:/Users/jeffdavies/.m2/repository/com/google/errorprone/error_prone_annotations/2.3.4/error_prone_annotations-2.3.4.jar:/Users/jeffdavies/.m2/repository/com/google/j2objc/j2objc-annotations/1.3/j2objc-annotations-1.3.jar:/Users/jeffdavies/.m2/repository/io/netty/netty-handler/4.1.63.Final/netty-handler-4.1.63.Final.jar:/Users/jeffdavies/.m2/repository/io/netty/netty-common/4.1.63.Final/netty-common-4.1.63.Final.jar:/Users/jeffdavies/.m2/repository/io/netty/netty-resolver/4.1.63.Final/netty-resolver-4.1.63.Final.jar:/Users/jeffdavies/.m2/repository/io/netty/netty-buffer/4.1.63.Final/netty-buffer-4.1.63.Final.jar:/Users/jeffdavies/.m2/repository/io/netty/netty-transport/4.1.63.Final/netty-transport-4.1.63.Final.jar:/Users/jeffdavies/.m2/repository/io/netty/netty-codec/4.1.63.Final/netty-codec-4.1.63.Final.jar:/Users/jeffdavies/.m2/repository/io/netty/netty-transport-native-epoll/4.1.63.Final/netty-transport-native-epoll-4.1.63.Final-linux-x86_64.jar:/Users/jeffdavies/.m2/repository/io/netty/netty-transport-native-unix-common/4.1.63.Final/netty-transport-native-unix-common-4.1.63.Final.jar:/Users/jeffdavies/.m2/repository/io/netty/netty-transport-native-unix-common/4.1.63.Final/netty-transport-native-unix-common-4.1.63.Final-linux-x86_64.jar:/Users/jeffdavies/.m2/repository/org/apache/bookkeeper/bookkeeper-common-allocator/4.14.1/bookkeeper-common-allocator-4.14.1.jar:/Users/jeffdavies/.m2/repository/org/apache/bookkeeper/cpu-affinity/4.14.1/cpu-affinity-4.14.1.jar:/Users/jeffdavies/.m2/repository/commons-configuration/commons-configuration/1.10/commons-configuration-1.10.jar:/Users/jeffdavies/.m2/repository/commons-lang/commons-lang/2.6/commons-lang-2.6.jar:/Users/jeffdavies/.m2/repository/commons-logging/commons-logging/1.1.1/commons-logging-1.1.1.jar:/Users/jeffdavies/.m2/repository/io/airlift/aircompressor/0.16/aircompressor-0.16.jar:/Users/jeffdavies/.m2/repository/org/apache/bookkeeper/circe-checksum/4.14.1/circe-checksum-4.14.1.jar:/Users/jeffdavies/.m2/repository/io/netty/netty-tcnative-boringssl-static/2.0.38.Final/netty-tcnative-boringssl-static-2.0.38.Final.jar:/Users/jeffdavies/.m2/repository/io/netty/netty-codec-haproxy/4.1.63.Final/netty-codec-haproxy-4.1.63.Final.jar:/Users/jeffdavies/.m2/repository/org/eclipse/jetty/jetty-util/9.4.42.v20210604/jetty-util-9.4.42.v20210604.jar:/Users/jeffdavies/.m2/repository/org/apache/commons/commons-lang3/3.11/commons-lang3-3.11.jar:/Users/jeffdavies/.m2/repository/com/fasterxml/jackson/dataformat/jackson-dataformat-yaml/2.12.3/jackson-dataformat-yaml-2.12.3.jar:/Users/jeffdavies/.m2/repository/org/yaml/snakeyaml/1.27/snakeyaml-1.27.jar:/Users/jeffdavies/.m2/repository/commons-io/commons-io/2.8.0/commons-io-2.8.0.jar:/Users/jeffdavies/.m2/repository/com/google/code/gson/gson/2.8.6/gson-2.8.6.jar:/Users/jeffdavies/.m2/repository/com/fasterxml/uuid/java-uuid-generator/4.0.1/java-uuid-generator-4.0.1.jar:/Users/jeffdavies/.m2/repository/org/apache/logging/log4j/log4j-slf4j-impl/2.14.1/log4j-slf4j-impl-2.14.1.jar:/Users/jeffdavies/.m2/repository/org/apache/logging/log4j/log4j-api/2.14.1/log4j-api-2.14.1.jar:/Users/jeffdavies/.m2/repository/org/apache/logging/log4j/log4j-core/2.14.1/log4j-core-2.14.1.jar:"/>
    <property name="java.vm.vendor" value="Temurin"/>
    <property name="sun.arch.data.model" value="64"/>
    <property name="java.vendor.url" value="https://adoptium.net/"/>
    <property name="user.timezone" value=""/>
    <property name="java.vm.specification.version" value="1.8"/>
    <property name="os.name" value="Mac OS X"/>
    <property name="user.country" value="US"/>
    <property name="sun.java.launcher" value="SUN_STANDARD"/>
    <property name="sun.boot.library.path" value="/Library/Java/JavaVirtualMachines/temurin-8.jdk/Contents/Home/jre/lib"/>
    <property name="sun.java.command" value="/Users/jeffdavies/GitHub/airport-demo/pulsar/skyview/target/surefire/surefirebooter8893064738057016231.jar /Users/jeffdavies/GitHub/airport-demo/pulsar/skyview/target/surefire 2021-08-17T16-20-13_904-jvmRun1 surefire5181213459209393966tmp surefire_02011929826326730606tmp"/>
    <property name="surefire.test.class.path" value="/Users/jeffdavies/GitHub/airport-demo/pulsar/skyview/target/test-classes:/Users/jeffdavies/GitHub/airport-demo/pulsar/skyview/target/classes:/Users/jeffdavies/.m2/repository/junit/junit/4.11/junit-4.11.jar:/Users/jeffdavies/.m2/repository/org/hamcrest/hamcrest-core/1.3/hamcrest-core-1.3.jar:/Users/jeffdavies/.m2/repository/org/apache/pulsar/pulsar-client/2.8.0/pulsar-client-2.8.0.jar:/Users/jeffdavies/.m2/repository/org/apache/pulsar/pulsar-client-api/2.8.0/pulsar-client-api-2.8.0.jar:/Users/jeffdavies/.m2/repository/org/apache/pulsar/pulsar-client-admin-api/2.8.0/pulsar-client-admin-api-2.8.0.jar:/Users/jeffdavies/.m2/repository/javax/ws/rs/javax.ws.rs-api/2.1/javax.ws.rs-api-2.1.jar:/Users/jeffdavies/.m2/repository/org/apache/pulsar/bouncy-castle-bc/2.8.0/bouncy-castle-bc-2.8.0-pkg.jar:/Users/jeffdavies/.m2/repository/org/bouncycastle/bcpkix-jdk15on/1.68/bcpkix-jdk15on-1.68.jar:/Users/jeffdavies/.m2/repository/org/bouncycastle/bcprov-jdk15on/1.68/bcprov-jdk15on-1.68.jar:/Users/jeffdavies/.m2/repository/org/bouncycastle/bcprov-ext-jdk15on/1.68/bcprov-ext-jdk15on-1.68.jar:/Users/jeffdavies/.m2/repository/com/sun/activation/javax.activation/1.2.0/javax.activation-1.2.0.jar:/Users/jeffdavies/.m2/repository/org/slf4j/slf4j-api/1.7.25/slf4j-api-1.7.25.jar:/Users/jeffdavies/.m2/repository/javax/validation/validation-api/1.1.0.Final/validation-api-1.1.0.Final.jar:/Users/jeffdavies/.m2/repository/net/jcip/jcip-annotations/1.0/jcip-annotations-1.0.jar:/Users/jeffdavies/.m2/repository/org/apache/pulsar/pulsar-common/2.8.0/pulsar-common-2.8.0.jar:/Users/jeffdavies/.m2/repository/io/swagger/swagger-annotations/1.6.2/swagger-annotations-1.6.2.jar:/Users/jeffdavies/.m2/repository/com/fasterxml/jackson/core/jackson-databind/2.12.3/jackson-databind-2.12.3.jar:/Users/jeffdavies/.m2/repository/com/fasterxml/jackson/core/jackson-annotations/2.12.3/jackson-annotations-2.12.3.jar:/Users/jeffdavies/.m2/repository/com/fasterxml/jackson/core/jackson-core/2.12.3/jackson-core-2.12.3.jar:/Users/jeffdavies/.m2/repository/com/google/guava/guava/30.1-jre/guava-30.1-jre.jar:/Users/jeffdavies/.m2/repository/com/google/guava/failureaccess/1.0.1/failureaccess-1.0.1.jar:/Users/jeffdavies/.m2/repository/com/google/guava/listenablefuture/9999.0-empty-to-avoid-conflict-with-guava/listenablefuture-9999.0-empty-to-avoid-conflict-with-guava.jar:/Users/jeffdavies/.m2/repository/com/google/code/findbugs/jsr305/3.0.2/jsr305-3.0.2.jar:/Users/jeffdavies/.m2/repository/org/checkerframework/checker-qual/3.5.0/checker-qual-3.5.0.jar:/Users/jeffdavies/.m2/repository/com/google/errorprone/error_prone_annotations/2.3.4/error_prone_annotations-2.3.4.jar:/Users/jeffdavies/.m2/repository/com/google/j2objc/j2objc-annotations/1.3/j2objc-annotations-1.3.jar:/Users/jeffdavies/.m2/repository/io/netty/netty-handler/4.1.63.Final/netty-handler-4.1.63.Final.jar:/Users/jeffdavies/.m2/repository/io/netty/netty-common/4.1.63.Final/netty-common-4.1.63.Final.jar:/Users/jeffdavies/.m2/repository/io/netty/netty-resolver/4.1.63.Final/netty-resolver-4.1.63.Final.jar:/Users/jeffdavies/.m2/repository/io/netty/netty-buffer/4.1.63.Final/netty-buffer-4.1.63.Final.jar:/Users/jeffdavies/.m2/repository/io/netty/netty-transport/4.1.63.Final/netty-transport-4.1.63.Final.jar:/Users/jeffdavies/.m2/repository/io/netty/netty-codec/4.1.63.Final/netty-codec-4.1.63.Final.jar:/Users/jeffdavies/.m2/repository/io/netty/netty-transport-native-epoll/4.1.63.Final/netty-transport-native-epoll-4.1.63.Final-linux-x86_64.jar:/Users/jeffdavies/.m2/repository/io/netty/netty-transport-native-unix-common/4.1.63.Final/netty-transport-native-unix-common-4.1.63.Final.jar:/Users/jeffdavies/.m2/repository/io/netty/netty-transport-native-unix-common/4.1.63.Final/netty-transport-native-unix-common-4.1.63.Final-linux-x86_64.jar:/Users/jeffdavies/.m2/repository/org/apache/bookkeeper/bookkeeper-common-allocator/4.14.1/bookkeeper-common-allocator-4.14.1.jar:/Users/jeffdavies/.m2/repository/org/apache/bookkeeper/cpu-affinity/4.14.1/cpu-affinity-4.14.1.jar:/Users/jeffdavies/.m2/repository/commons-configuration/commons-configuration/1.10/commons-configuration-1.10.jar:/Users/jeffdavies/.m2/repository/commons-lang/commons-lang/2.6/commons-lang-2.6.jar:/Users/jeffdavies/.m2/repository/commons-logging/commons-logging/1.1.1/commons-logging-1.1.1.jar:/Users/jeffdavies/.m2/repository/io/airlift/aircompressor/0.16/aircompressor-0.16.jar:/Users/jeffdavies/.m2/repository/org/apache/bookkeeper/circe-checksum/4.14.1/circe-checksum-4.14.1.jar:/Users/jeffdavies/.m2/repository/io/netty/netty-tcnative-boringssl-static/2.0.38.Final/netty-tcnative-boringssl-static-2.0.38.Final.jar:/Users/jeffdavies/.m2/repository/io/netty/netty-codec-haproxy/4.1.63.Final/netty-codec-haproxy-4.1.63.Final.jar:/Users/jeffdavies/.m2/repository/org/eclipse/jetty/jetty-util/9.4.42.v20210604/jetty-util-9.4.42.v20210604.jar:/Users/jeffdavies/.m2/repository/org/apache/commons/commons-lang3/3.11/commons-lang3-3.11.jar:/Users/jeffdavies/.m2/repository/com/fasterxml/jackson/dataformat/jackson-dataformat-yaml/2.12.3/jackson-dataformat-yaml-2.12.3.jar:/Users/jeffdavies/.m2/repository/org/yaml/snakeyaml/1.27/snakeyaml-1.27.jar:/Users/jeffdavies/.m2/repository/commons-io/commons-io/2.8.0/commons-io-2.8.0.jar:/Users/jeffdavies/.m2/repository/com/google/code/gson/gson/2.8.6/gson-2.8.6.jar:/Users/jeffdavies/.m2/repository/com/fasterxml/uuid/java-uuid-generator/4.0.1/java-uuid-generator-4.0.1.jar:/Users/jeffdavies/.m2/repository/org/apache/logging/log4j/log4j-slf4j-impl/2.14.1/log4j-slf4j-impl-2.14.1.jar:/Users/jeffdavies/.m2/repository/org/apache/logging/log4j/log4j-api/2.14.1/log4j-api-2.14.1.jar:/Users/jeffdavies/.m2/repository/org/apache/logging/log4j/log4j-core/2.14.1/log4j-core-2.14.1.jar:"/>
    <property name="sun.cpu.endian" value="little"/>
    <property name="user.home" value="/Users/jeffdavies"/>
    <property name="user.language" value="en"/>
    <property name="java.specification.vendor" value="Oracle Corporation"/>
    <property name="java.home" value="/Library/Java/JavaVirtualMachines/temurin-8.jdk/Contents/Home/jre"/>
    <property name="basedir" value="/Users/jeffdavies/GitHub/airport-demo/pulsar/skyview"/>
    <property name="file.separator" value="/"/>
    <property name="line.separator" value="&#10;"/>
    <property name="java.vm.specification.vendor" value="Oracle Corporation"/>
    <property name="java.specification.name" value="Java Platform API Specification"/>
    <property name="java.awt.graphicsenv" value="sun.awt.CGraphicsEnvironment"/>
    <property name="surefire.real.class.path" value="/Users/jeffdavies/GitHub/airport-demo/pulsar/skyview/target/surefire/surefirebooter8893064738057016231.jar"/>
    <property name="sun.boot.class.path" value="/Library/Java/JavaVirtualMachines/temurin-8.jdk/Contents/Home/jre/lib/resources.jar:/Library/Java/JavaVirtualMachines/temurin-8.jdk/Contents/Home/jre/lib/rt.jar:/Library/Java/JavaVirtualMachines/temurin-8.jdk/Contents/Home/jre/lib/sunrsasign.jar:/Library/Java/JavaVirtualMachines/temurin-8.jdk/Contents/Home/jre/lib/jsse.jar:/Library/Java/JavaVirtualMachines/temurin-8.jdk/Contents/Home/jre/lib/jce.jar:/Library/Java/JavaVirtualMachines/temurin-8.jdk/Contents/Home/jre/lib/charsets.jar:/Library/Java/JavaVirtualMachines/temurin-8.jdk/Contents/Home/jre/lib/jfr.jar:/Library/Java/JavaVirtualMachines/temurin-8.jdk/Contents/Home/jre/classes"/>
    <property name="sun.management.compiler" value="HotSpot 64-Bit Tiered Compilers"/>
    <property name="java.runtime.version" value="1.8.0_302-b08"/>
    <property name="user.name" value="jeffdavies"/>
    <property name="path.separator" value=":"/>
    <property name="os.version" value="10.16"/>
    <property name="java.endorsed.dirs" value="/Library/Java/JavaVirtualMachines/temurin-8.jdk/Contents/Home/jre/lib/endorsed"/>
    <property name="java.runtime.name" value="OpenJDK Runtime Environment"/>
    <property name="file.encoding" value="UTF-8"/>
    <property name="java.vm.name" value="OpenJDK 64-Bit Server VM"/>
    <property name="localRepository" value="/Users/jeffdavies/.m2/repository"/>
    <property name="java.vendor.url.bug" value="https://github.com/adoptium/adoptium-support/issues"/>
    <property name="java.io.tmpdir" value="/var/folders/39/rgd4x47j64x54gksq76ksvyh0000gn/T/"/>
    <property name="java.version" value="1.8.0_302"/>
    <property name="user.dir" value="/Users/jeffdavies/GitHub/airport-demo/pulsar/skyview"/>
    <property name="os.arch" value="x86_64"/>
    <property name="java.vm.specification.name" value="Java Virtual Machine Specification"/>
    <property name="java.awt.printerjob" value="sun.lwawt.macosx.CPrinterJob"/>
    <property name="sun.os.patch.level" value="unknown"/>
    <property name="java.library.path" value="/Users/jeffdavies/Library/Java/Extensions:/Library/Java/Extensions:/Network/Library/Java/Extensions:/System/Library/Java/Extensions:/usr/lib/java:."/>
    <property name="java.vm.info" value="mixed mode"/>
    <property name="java.vendor" value="Temurin"/>
    <property name="java.vm.version" value="25.302-b08"/>
    <property name="java.ext.dirs" value="/Users/jeffdavies/Library/Java/Extensions:/Library/Java/JavaVirtualMachines/temurin-8.jdk/Contents/Home/jre/lib/ext:/Library/Java/Extensions:/Network/Library/Java/Extensions:/System/Library/Java/Extensions:/usr/lib/java"/>
    <property name="sun.io.unicode.encoding" value="UnicodeBig"/>
    <property name="java.class.version" value="52.0"/>
  </properties>
  <testcase name="shouldAnswerWithTrue" classname="com.datastax.pulsar.AppTest" time="0"/>
</testsuite>